1649286738278	geckodriver	INFO	Listening on 127.0.0.1:54224
1649286741358	mozrunner::runner	INFO	Running command: "C:\\Program Files\\Mozilla Firefox\\firefox.exe" "--marionette" "--remote-debugging-port" "54225" "-no-remote" "-profile" "E:\\TEMP\\rust_mozprofileHLOBri"
1649286741847	Marionette	INFO	Marionette enabled
console.warn: SearchSettings: "get: No settings file exists, new profile?" (new NotFoundError("Could not open the file at E:\\TEMP\\rust_mozprofileHLOBri\\search.json.mozlz4", (void 0)))
DevTools listening on ws://localhost:54225/devtools/browser/67fdcc25-694b-4a90-90e6-5d463997285c
1649286745047	Marionette	INFO	Listening on port 54230
1649286745176	RemoteAgent	WARN	TLS certificate errors will be ignored for this session
JavaScript error: https://sk.hzcdn.com/assets/vendor_d4835a69a7f3f5ce91bb.bundle.js?kcan=release20220405150806151abb58f7, line 1: Error: Ajax failed with http errorCode: 0 and errorMsg: error
1649286775191	Marionette	INFO	Stopped listening on port 54230
console.warn: TopSitesFeed: Failed to fetch data from Contile server: NetworkError when attempting to fetch resource.

###!!! [Parent][PGPUParent] Error: RunMessage(msgname=PGPU::Msg_ShutdownVR) Channel closing: too late to send/recv, messages will be lost

1649286881216	geckodriver	INFO	Listening on 127.0.0.1:54306
1649286884274	mozrunner::runner	INFO	Running command: "C:\\Program Files\\Mozilla Firefox\\firefox.exe" "--marionette" "--remote-debugging-port" "54307" "-no-remote" "-profile" "E:\\TEMP\\rust_mozprofileJTweip"
1649286884530	Marionette	INFO	Marionette enabled
console.warn: SearchSettings: "get: No settings file exists, new profile?" (new NotFoundError("Could not open the file at E:\\TEMP\\rust_mozprofileJTweip\\search.json.mozlz4", (void 0)))
DevTools listening on ws://localhost:54307/devtools/browser/92565d12-305e-43f9-8bc2-267863eeaab3
1649286887502	Marionette	INFO	Listening on port 54312
1649286887952	RemoteAgent	WARN	TLS certificate errors will be ignored for this session
1649286914811	Marionette	INFO	Stopped listening on port 54312
console.warn: TopSitesFeed: Failed to fetch data from Contile server: NetworkError when attempting to fetch resource.
remote-debugging-port" "54370" "-no-remote" "-profile" "E:\\TEMP\\rust_mozprofileKkkS5h"
1649286911563	Marionette	INFO	Marionette enabled
console.warn: SearchSettings: "get: No settings file exists, new profile?" (new NotFoundError("Could not open the file at E:\\TEMP\\rust_mozprofileKkkS5h\\search.json.mozlz4", (void 0)))
DevTools listening on ws://localhost:54370/devtools/browser/df2b6183-ffa8-407d-95a7-285b711c8008
1649286914552	Marionette	INFO	Listening on port 54375
1649286914991	RemoteAgent	WARN	TLS certificate errors will be ignored for this session
JavaScript error: https://sk.hzcdn.com/assets/vendor_d4835a69a7f3f5ce91bb.bundle.js?kcan=release20220405150806151abb58f7, line 1: Error: Ajax failed with http errorCode: 0 and errorMsg: error
JavaScript error: https://sk.hzcdn.com/assets/vendor_d4835a69a7f3f5ce91bb.bundle.js?kcan=release20220405150806151abb58f7, line 1: Error: Ajax failed with http errorCode: 0 and errorMsg: error
1649286971005	geckodriver	INFO	Listening on 127.0.0.1:54464
1649286974065	mozrunner::runner	INFO	Running command: "C:\\Program Files\\Mozilla Firefox\\firefox.exe" "--marionette" "--remote-debugging-port" "54465" "-no-remote" "-profile" "E:\\TEMP\\rust_mozprofile3a2vs8"
1649286974318	Marionette	INFO	Marionette enabled
console.warn: SearchSettings: "get: No settings file exists, new profile?" (new NotFoundError("Could not open the file at E:\\TEMP\\rust_mozprofile3a2vs8\\search.json.mozlz4", (void 0)))
DevTools listening on ws://localhost:54465/devtools/browser/d71bf4a3-b4ac-40d9-b177-08d6c6926e86
1649286977185	Marionette	INFO	Listening on port 54470
1649286977519	RemoteAgent	WARN	TLS certificate errors will be ignored for this session
1649286987554	Marionette	INFO	Stopped listening on port 54470
console.warn: TopSitesFeed: Failed to fetch data from Contile server: NetworkError when attempting to fetch resource.
1649286999332	geckodriver	INFO	Listening on 127.0.0.1:54531
1649287002383	mozrunner::runner	INFO	Running command: "C:\\Program Files\\Mozilla Firefox\\firefox.exe" "--marionette" "--remote-debugging-port" "54532" "-no-remote" "-profile" "E:\\TEMP\\rust_mozprofileR1yown"
1649287002637	Marionette	INFO	Marionette enabled
console.warn: SearchSettings: "get: No settings file exists, new profile?" (new NotFoundError("Could not open the file at E:\\TEMP\\rust_mozprofileR1yown\\search.json.mozlz4", (void 0)))
DevTools listening on ws://localhost:54532/devtools/browser/687f2726-1aa5-4f38-82ae-8dd84bd39b7d
1649287005619	Marionette	INFO	Listening on port 54537
1649287006054	RemoteAgent	WARN	TLS certificate errors will be ignored for this session
1649287030350	Marionette	INFO	Stopped listening on port 54537
console.warn: TopSitesFeed: Failed to fetch data from Contile server: NetworkError when attempting to fetch resource.
JavaScript error: chrome://remote/content/marionette/cert.js, line 55: NS_ERROR_NOT_AVAILABLE: Component returned failure code: 0x80040111 (NS_ERROR_NOT_AVAILABLE) [nsICertOverrideService.setDisableAllSecurityChecksAndLetAttackersInterceptMyData]
1649287093216	geckodriver	INFO	Listening on 127.0.0.1:54600
1649287096272	mozrunner::runner	INFO	Running command: "C:\\Program Files\\Mozilla Firefox\\firefox.exe" "--marionette" "--remote-debugging-port" "54601" "-no-remote" "-profile" "E:\\TEMP\\rust_mozprofileOlRmLb"
1649287096527	Marionette	INFO	Marionette enabled
console.warn: SearchSettings: "get: No settings file exists, new profile?" (new NotFoundError("Could not open the file at E:\\TEMP\\rust_mozprofileOlRmLb\\search.json.mozlz4", (void 0)))
DevTools listening on ws://localhost:54601/devtools/browser/2dced463-bd0e-4091-ab02-89d1c5e3f3ed
1649287099378	Marionette	INFO	Listening on port 54606
1649287099696	RemoteAgent	WARN	TLS certificate errors will be ignored for this session
JavaScript error: https://sk.hzcdn.com/assets/vendor_d4835a69a7f3f5ce91bb.bundle.js?kcan=release20220405150806151abb58f7, line 1: Error: Ajax failed with http errorCode: 0 and errorMsg: error
JavaScript error: https://sk.hzcdn.com/assets/vendor_d4835a69a7f3f5ce91bb.bundle.js?kcan=release20220405150806151abb58f7, line 1: Error: Ajax failed with http errorCode: 0 and errorMsg: error
1649287136961	Marionette	INFO	Stopped listening on port 54606
console.warn: TopSitesFeed: Failed to fetch data from Contile server: NetworkError when attempting to fetch resource.
JavaScript error: chrome://remote/content/marionette/cert.js, line 55: NS_ERROR_NOT_AVAILABLE: Component returned failure code: 0x80040111 (NS_ERROR_NOT_AVAILABLE) [nsICertOverrideService.setDisableAllSecurityChecksAndLetAttackersInterceptMyData]
1649287642266	geckodriver	INFO	Listening on 127.0.0.1:54768
1649287645326	mozrunner::runner	INFO	Running command: "C:\\Program Files\\Mozilla Firefox\\firefox.exe" "--marionette" "--remote-debugging-port" "54769" "-no-remote" "-profile" "E:\\TEMP\\rust_mozprofile42P93m"
1649287645580	Marionette	INFO	Marionette enabled
console.warn: SearchSettings: "get: No settings file exists, new profile?" (new NotFoundError("Could not open the file at E:\\TEMP\\rust_mozprofile42P93m\\search.json.mozlz4", (void 0)))
DevTools listening on ws://localhost:54769/devtools/browser/475e1680-feee-475a-aeda-e1c6e97f37a7
1649287648464	Marionette	INFO	Listening on port 54774
1649287648770	RemoteAgent	WARN	TLS certificate errors will be ignored for this session
1649287649737	Marionette	INFO	Stopped listening on port 54774
JavaScript error: chrome://remote/content/marionette/cert.js, line 55: NS_ERROR_NOT_AVAILABLE: Component returned failure code: 0x80040111 (NS_ERROR_NOT_AVAILABLE) [nsICertOverrideService.setDisableAllSecurityChecksAndLetAttackersInterceptMyData]
console.log: "RemoteSettingsWorker error: Error: Can't import when we've started shutting down."
console.error: "Could not load engine google@search.mozilla.org: [Exception... \"AddonManager is not initialized\"  nsresult: \"0xc1f30001 (NS_ERROR_NOT_INITIALIZED)\"  location: \"JS frame :: resource://gre/modules/AddonManager.jsm :: installBuiltinAddon :: line 2451\"  data: no]"
console.error: "Could not load engine amazondotcom@search.mozilla.org: [Exception... \"AddonManager is not initialized\"  nsresult: \"0xc1f30001 (NS_ERROR_NOT_INITIALIZED)\"  location: \"JS frame :: resource://gre/modules/AddonManager.jsm :: installBuiltinAddon :: line 2451\"  data: no]"
console.error: "Could not load engine chambers-en-GB@search.mozilla.org: [Exception... \"AddonManager is not initialized\"  nsresult: \"0xc1f30001 (NS_ERROR_NOT_INITIALIZED)\"  location: \"JS frame :: resource://gre/modules/AddonManager.jsm :: installBuiltinAddon :: line 2451\"  data: no]"
console.error: "Could not load engine wikipedia@search.mozilla.org: [Exception... \"AddonManager is not initialized\"  nsresult: \"0xc1f30001 (NS_ERROR_NOT_INITIALIZED)\"  location: \"JS frame :: resource://gre/modules/AddonManager.jsm :: installBuiltinAddon :: line 2451\"  data: no]"
console.error: "Could not load engine bing@search.mozilla.org: [Exception... \"AddonManager is not initialized\"  nsresult: \"0xc1f30001 (NS_ERROR_NOT_INITIALIZED)\"  location: \"JS frame :: resource://gre/modules/AddonManager.jsm :: installBuiltinAddon :: line 2451\"  data: no]"
console.error: "Could not load engine ddg@search.mozilla.org: [Exception... \"AddonManager is not initialized\"  nsresult: \"0xc1f30001 (NS_ERROR_NOT_INITIALIZED)\"  location: \"JS frame :: resource://gre/modules/AddonManager.jsm :: installBuiltinAddon :: line 2451\"  data: no]"
console.error: "Could not load engine ebay@search.mozilla.org: [Exception... \"AddonManager is not initialized\"  nsresult: \"0xc1f30001 (NS_ERROR_NOT_INITIALIZED)\"  location: \"JS frame :: resource://gre/modules/AddonManager.jsm :: installBuiltinAddon :: line 2451\"  data: no]"
console.error: SearchService: "Could not find a replacement default engine."
console.warn: SearchService: "_init: abandoning init due to shutting down"
JavaScript error: resource://gre/modules/AsyncShutdown.jsm, line 575: uncaught exception: 2147500036
JavaScript error: resource://gre/modules/AsyncShutdown.jsm, line 575: uncaught exception: 2147500036
JavaScript error: resource://gre/modules/AsyncShutdown.jsm, line 575: uncaught exception: 2147500036
JavaScript error: resource://gre/modules/AsyncShutdown.jsm, line 575: uncaught exception: 2147500036
JavaScript error: resource://gre/modules/AsyncShutdown.jsm, line 575: uncaught exception: 2147500036
console.log: "RemoteSettingsWorker error: Error: Can't import when we've started shutting down."
console.log: "RemoteSettingsWorker error: Error: Can't import when we've started shutting down."
console.log: "RemoteSettingsWorker error: Error: Can't import when we've started shutting down."
console.log: "RemoteSettingsWorker error: Error: Can't import when we've started shutting down."
JavaScript error: , line 0: uncaught exception: 2147500036
JavaScript error: , line 0: uncaught exception: 2147500036
JavaScript error: , line 0: uncaught exception: 2147500036
JavaScript error: , line 0: uncaught exception: 2147500036
JavaScript error: resource://gre/modules/AsyncShutdown.jsm, line 718: Error: Phase "profile-before-change" is finished, it is too late to register completion condition "DoHController: clear state and remove observers"
1649287653885	geckodriver	INFO	Listening on 127.0.0.1:54806
1649287656938	mozrunner::runner	INFO	Running command: "C:\\Program Files\\Mozilla Firefox\\firefox.exe" "--marionette" "--remote-debugging-port" "54807" "-no-remote" "-profile" "E:\\TEMP\\rust_mozprofile11SXzl"
1649287657203	Marionette	INFO	Marionette enabled
console.warn: SearchSettings: "get: No settings file exists, new profile?" (new NotFoundError("Could not open the file at E:\\TEMP\\rust_mozprofile11SXzl\\search.json.mozlz4", (void 0)))
DevTools listening on ws://localhost:54807/devtools/browser/ef889795-1fae-4f69-aed4-18c9c2180d0b
1649287660238	Marionette	INFO	Listening on port 54812
1649287660614	RemoteAgent	WARN	TLS certificate errors will be ignored for this session
JavaScript error: https://sk.hzcdn.com/assets/vendor_d4835a69a7f3f5ce91bb.bundle.js?kcan=release20220405150806151abb58f7, line 1: Error: Ajax failed with http errorCode: 0 and errorMsg: error
1649287689562	geckodriver	INFO	Listening on 127.0.0.1:54906
1649287698257	geckodriver	INFO	Listening on 127.0.0.1:54914
1649287701305	mozrunner::runner	INFO	Running command: "C:\\Program Files\\Mozilla Firefox\\firefox.exe" "--marionette" "--remote-debugging-port" "54915" "-no-remote" "-profile" "E:\\TEMP\\rust_mozprofile8ea1hP"
1649287701597	Marionette	INFO	Marionette enabled
console.warn: SearchSettings: "get: No settings file exists, new profile?" (new NotFoundError("Could not open the file at E:\\TEMP\\rust_mozprofile8ea1hP\\search.json.mozlz4", (void 0)))
DevTools listening on ws://localhost:54915/devtools/browser/ac5bc2ac-c6ce-416f-b001-9467d0e46913
1649287704722	Marionette	INFO	Listening on port 54920
1649287705054	RemoteAgent	WARN	TLS certificate errors will be ignored for this session
1649287727399	Marionette	INFO	Stopped listening on port 54920
console.warn: TopSitesFeed: Failed to fetch data from Contile server: NetworkError when attempting to fetch resource.

###!!! [Parent][PGPUParent] Error: RunMessage(msgname=PGPU::Msg_ShutdownVR) Channel closing: too late to send/recv, messages will be lost

1649288011238	geckodriver	INFO	Listening on 127.0.0.1:55012
1649288014286	mozrunner::runner	INFO	Running command: "C:\\Program Files\\Mozilla Firefox\\firefox.exe" "--marionette" "--remote-debugging-port" "55013" "-no-remote" "-profile" "E:\\TEMP\\rust_mozprofileHOvWTK"
1649288014568	Marionette	INFO	Marionette enabled
console.warn: SearchSettings: "get: No settings file exists, new profile?" (new NotFoundError("Could not open the file at E:\\TEMP\\rust_mozprofileHOvWTK\\search.json.mozlz4", (void 0)))
DevTools listening on ws://localhost:55013/devtools/browser/cff156e4-fcae-47ee-8956-21c10e809cff
1649288017420	Marionette	INFO	Listening on port 55018
1649288017679	RemoteAgent	WARN	TLS certificate errors will be ignored for this session
JavaScript error: https://sk.hzcdn.com/assets/vendor_d4835a69a7f3f5ce91bb.bundle.js?kcan=release20220405150806151abb58f7, line 1: Error: Ajax failed with http errorCode: 0 and errorMsg: error
SourceActor threw an exception: [Exception... "Failed to open input source 'javascript:""'"  nsresult: "0x80040111 (NS_ERROR_NOT_AVAILABLE)"  location: "JS frame :: resource://devtools/shared/DevToolsUtils.js :: mainThreadFetch/< :: line 670"  data: yes]
Stack: mainThreadFetch/<@resource://devtools/shared/DevToolsUtils.js:670:15
mainThreadFetch@resource://devtools/shared/DevToolsUtils.js:516:10
_fetchURLContents@resource://devtools/server/actors/utils/sources-manager.js:450:22
urlContents@resource://devtools/server/actors/utils/sources-manager.js:414:17
_resurrectSource@resource://devtools/server/actors/thread.js:2132:35
addAllSources@resource://devtools/server/actors/thread.js:1487:14
watch@resource://devtools/server/actors/resources/sources.js:62:17
watchResources@resource://devtools/server/actors/resources/index.js:242:19
_watchTargetResources@resource://devtools/server/actors/targets/target-actor-mixin.js:161:24
addSessionDataEntry@resource://devtools/server/actors/targets/target-actor-mixin.js:53:20
_addSessionDataEntry@resource://devtools/server/connectors/js-window-actor/DevToolsFrameChild.jsm:556:24
receiveMessage@resource://devtools/server/connectors/js-window-actor/DevToolsFrameChild.jsm:465:21
Line: 670, column: 0
console.error: ({})
JavaScript error: resource://devtools/shared/DevToolsUtils.js, line 670: NS_ERROR_NOT_AVAILABLE: Failed to open input source 'javascript:""'
SourceActor threw an exception: [Exception... "Component returned failure code: 0x80470002 (NS_BASE_STREAM_CLOSED) [nsIInputStream.available]"  nsresult: "0x80470002 (NS_BASE_STREAM_CLOSED)"  location: "JS frame :: resource://devtools/shared/DevToolsUtils.js :: onResponse :: line 567"  data: no]
Stack: onResponse@resource://devtools/shared/DevToolsUtils.js:567:34
onStopRequest@resource://gre/modules/NetUtil.jsm:128:18
Line: 567, column: 0
console.error: ({})
JavaScript error: resource://devtools/shared/DevToolsUtils.js, line 567: NS_BASE_STREAM_CLOSED: Component returned failure code: 0x80470002 (NS_BASE_STREAM_CLOSED) [nsIInputStream.available]
SourceActor threw an exception: [Exception... "Component returned failure code: 0x80470002 (NS_BASE_STREAM_CLOSED) [nsIInputStream.available]"  nsresult: "0x80470002 (NS_BASE_STREAM_CLOSED)"  location: "JS frame :: resource://devtools/shared/DevToolsUtils.js :: onResponse :: line 567"  data: no]
Stack: onResponse@resource://devtools/shared/DevToolsUtils.js:567:34
onStopRequest@resource://gre/modules/NetUtil.jsm:128:18
Line: 567, column: 0
console.error: ({})
JavaScript error: resource://devtools/shared/DevToolsUtils.js, line 567: NS_BASE_STREAM_CLOSED: Component returned failure code: 0x80470002 (NS_BASE_STREAM_CLOSED) [nsIInputStream.available]
SourceActor threw an exception: [Exception... "Component returned failure code: 0x80470002 (NS_BASE_STREAM_CLOSED) [nsIInputStream.available]"  nsresult: "0x80470002 (NS_BASE_STREAM_CLOSED)"  location: "JS frame :: resource://devtools/shared/DevToolsUtils.js :: onResponse :: line 567"  data: no]
Stack: onResponse@resource://devtools/shared/DevToolsUtils.js:567:34
onStopRequest@resource://gre/modules/NetUtil.jsm:128:18
Line: 567, column: 0
console.error: ({})
JavaScript error: resource://devtools/shared/DevToolsUtils.js, line 567: NS_BASE_STREAM_CLOSED: Component returned failure code: 0x80470002 (NS_BASE_STREAM_CLOSED) [nsIInputStream.available]
JavaScript error: resource://gre/modules/AsyncShutdown.jsm, line 575: NotFoundError: No such JSWindowActor 'DevToolsFrame'
JavaScript error: resource://gre/modules/AsyncShutdown.jsm, line 575: NotFoundError: No such JSWindowActor 'DevToolsFrame'
JavaScript error: resource://gre/modules/AsyncShutdown.jsm, line 575: NotFoundError: No such JSWindowActor 'DevToolsFrame'
JavaScript error: resource://gre/modules/AsyncShutdown.jsm, line 575: NotFoundError: No such JSWindowActor 'DevToolsFrame'
1649288066465	Marionette	INFO	Stopped listening on port 55018
1649288067819	geckodriver	INFO	Listening on 127.0.0.1:55123
1649288070872	mozrunner::runner	INFO	Running command: "C:\\Program Files\\Mozilla Firefox\\firefox.exe" "--marionette" "--remote-debugging-port" "55124" "-no-remote" "-profile" "E:\\TEMP\\rust_mozprofileyZyCzl"
1649288071139	Marionette	INFO	Marionette enabled
console.warn: SearchSettings: "get: No settings file exists, new profile?" (new NotFoundError("Could not open the file at E:\\TEMP\\rust_mozprofileyZyCzl\\search.json.mozlz4", (void 0)))
DevTools listening on ws://localhost:55124/devtools/browser/275c6044-0391-4007-9777-06fbfe94ce85
1649288074398	Marionette	INFO	Listening on port 55129
1649288074663	RemoteAgent	WARN	TLS certificate errors will be ignored for this session
1649288547306	Marionette	INFO	Stopped listening on port 55129
console.warn: TopSitesFeed: Failed to fetch data from Contile server: NetworkError when attempting to fetch resource.

###!!! [Parent][PGPUParent] Error: RunMessage(msgname=PGPU::Msg_ShutdownVR) Channel closing: too late to send/recv, messages will be lost

ole.warn: SearchSettings: "get: No settings file exists, new profile?" (new NotFoundError("Could not open the file at E:\\TEMP\\rust_mozprofileVzo5Lh\\search.json.mozlz4", (void 0)))
DevTools listening on ws://localhost:55309/devtools/browser/a9fc360d-3da4-41d0-b5b9-c4829208241d
1649288462204	Marionette	INFO	Listening on port 55314
1649288462464	RemoteAgent	WARN	TLS certificate errors will be ignored for this session
1649288492409	Marionette	INFO	Stopped listening on port 55314
console.warn: TopSitesFeed: Failed to fetch data from Contile server: NetworkError when attempting to fetch resource.
1649288542981	geckodriver	INFO	Listening on 127.0.0.1:55408
1649288546041	mozrunner::runner	INFO	Running command: "C:\\Program Files\\Mozilla Firefox\\firefox.exe" "--marionette" "--remote-debugging-port" "55409" "-no-remote" "-profile" "E:\\TEMP\\rust_mozprofileqzEmS8"
1649288546355	Marionette	INFO	Marionette enabled
console.warn: SearchSettings: "get: No settings file exists, new profile?" (new NotFoundError("Could not open the file at E:\\TEMP\\rust_mozprofileqzEmS8\\search.json.mozlz4", (void 0)))
DevTools listening on ws://localhost:55409/devtools/browser/3fce5b91-f89b-4705-aeae-d9820eb513cc
1649288549753	Marionette	INFO	Listening on port 55414
1649288550224	RemoteAgent	WARN	TLS certificate errors will be ignored for this session
1649296074322	geckodriver	INFO	Listening on 127.0.0.1:58945
1649296077342	mozrunner::runner	INFO	Running command: "C:\\Program Files\\Mozilla Firefox\\firefox.exe" "--marionette" "--remote-debugging-port" "58946" "-no-remote" "-profile" "E:\\TEMP\\rust_mozprofileUkjrDU"
1649296077592	Marionette	INFO	Marionette enabled
console.warn: SearchSettings: "get: No settings file exists, new profile?" (new NotFoundError("Could not open the file at E:\\TEMP\\rust_mozprofileUkjrDU\\search.json.mozlz4", (void 0)))
DevTools listening on ws://localhost:58946/devtools/browser/d86f159e-a7bf-4171-97e9-c251b7e65b1d
1649296080779	Marionette	INFO	Listening on port 58951
1649296081131	RemoteAgent	WARN	TLS certificate errors will be ignored for this session
1649296098475	Marionette	INFO	Stopped listening on port 58951
console.warn: TopSitesFeed: Failed to fetch data from Contile server: NetworkError when attempting to fetch resource.
1649296101757	geckodriver	INFO	Listening on 127.0.0.1:59009
1649296104784	mozrunner::runner	INFO	Running command: "C:\\Program Files\\Mozilla Firefox\\firefox.exe" "--marionette" "--remote-debugging-port" "59010" "-no-remote" "-profile" "E:\\TEMP\\rust_mozprofileszc4EM"
1649296105035	Marionette	INFO	Marionette enabled
console.warn: SearchSettings: "get: No settings file exists, new profile?" (new NotFoundError("Could not open the file at E:\\TEMP\\rust_mozprofileszc4EM\\search.json.mozlz4", (void 0)))
DevTools listening on ws://localhost:59010/devtools/browser/8876a334-4fc7-4d63-8a0a-a97d9f997d5e
1649296108026	Marionette	INFO	Listening on port 59015
1649296108464	RemoteAgent	WARN	TLS certificate errors will be ignored for this session
1649296123147	Marionette	INFO	Stopped listening on port 59015
console.warn: TopSitesFeed: Failed to fetch data from Contile server: NetworkError when attempting to fetch resource.
1649296125035	geckodriver	INFO	Listening on 127.0.0.1:59075
1649296128066	mozrunner::runner	INFO	Running command: "C:\\Program Files\\Mozilla Firefox\\firefox.exe" "--marionette" "--remote-debugging-port" "59076" "-no-remote" "-profile" "E:\\TEMP\\rust_mozprofileypIgUQ"
1649296128323	Marionette	INFO	Marionette enabled
console.warn: SearchSettings: "get: No settings file exists, new profile?" (new NotFoundError("Could not open the file at E:\\TEMP\\rust_mozprofileypIgUQ\\search.json.mozlz4", (void 0)))
DevTools listening on ws://localhost:59076/devtools/browser/2f741cbe-9421-419c-943f-de5a00a32a37
1649296131359	Marionette	INFO	Listening on port 59082
1649296131736	RemoteAgent	WARN	TLS certificate errors will be ignored for this session
1649296232762	Marionette	INFO	Stopped listening on port 59082
console.warn: TopSitesFeed: Failed to fetch data from Contile server: NetworkError when attempting to fetch resource.

###!!! [Parent][PGPUParent] Error: RunMessage(msgname=PGPU::Msg_ShutdownVR) Channel closing: too late to send/recv, messages will be lost

1649296456714	geckodriver	INFO	Listening on 127.0.0.1:59224
1649296459761	mozrunner::runner	INFO	Running command: "C:\\Program Files\\Mozilla Firefox\\firefox.exe" "--marionette" "--remote-debugging-port" "59225" "-no-remote" "-profile" "E:\\TEMP\\rust_mozprofileuzt7RT"
1649296460015	Marionette	INFO	Marionette enabled
console.warn: SearchSettings: "get: No settings file exists, new profile?" (new NotFoundError("Could not open the file at E:\\TEMP\\rust_mozprofileuzt7RT\\search.json.mozlz4", (void 0)))
DevTools listening on ws://localhost:59225/devtools/browser/bae155f3-9563-4a92-b67d-29d6b9868711
1649296463179	Marionette	INFO	Listening on port 59230
1649296463441	RemoteAgent	WARN	TLS certificate errors will be ignored for this session
1649296475423	Marionette	INFO	Stopped listening on port 59230
console.warn: TopSitesFeed: Failed to fetch data from Contile server: NetworkError when attempting to fetch resource.

###!!! [Parent][PGPUParent] Error: RunMessage(msgname=PGPU::Msg_ShutdownVR) Channel closing: too late to send/recv, messages will be lost

1649296477279	geckodriver	INFO	Listening on 127.0.0.1:59291
1649296480307	mozrunner::runner	INFO	Running command: "C:\\Program Files\\Mozilla Firefox\\firefox.exe" "--marionette" "--remote-debugging-port" "59292" "-no-remote" "-profile" "E:\\TEMP\\rust_mozprofileh9AYIg"
1649296480660	Marionette	INFO	Marionette enabled
console.warn: SearchSettings: "get: No settings file exists, new profile?" (new NotFoundError("Could not open the file at E:\\TEMP\\rust_mozprofileh9AYIg\\search.json.mozlz4", (void 0)))
DevTools listening on ws://localhost:59292/devtools/browser/a451f510-0b06-46ec-a725-0f6db176684a
1649296483880	Marionette	INFO	Listening on port 59298
1649296484183	RemoteAgent	WARN	TLS certificate errors will be ignored for this session
1649296498718	Marionette	INFO	Stopped listening on port 59298
console.warn: TopSitesFeed: Failed to fetch data from Contile server: NetworkError when attempting to fetch resource.

###!!! [Parent][PGPUParent] Error: RunMessage(msgname=PGPU::Msg_ShutdownVR) Channel closing: too late to send/recv, messages will be lost

1649296500764	geckodriver	INFO	Listening on 127.0.0.1:59359
1649296503808	mozrunner::runner	INFO	Running command: "C:\\Program Files\\Mozilla Firefox\\firefox.exe" "--marionette" "--remote-debugging-port" "59360" "-no-remote" "-profile" "E:\\TEMP\\rust_mozprofilereAwuQ"
1649296504060	Marionette	INFO	Marionette enabled
console.warn: SearchSettings: "get: No settings file exists, new profile?" (new NotFoundError("Could not open the file at E:\\TEMP\\rust_mozprofilereAwuQ\\search.json.mozlz4", (void 0)))
DevTools listening on ws://localhost:59360/devtools/browser/9238d9eb-b2a6-404c-a84a-9d960f14df73
1649296507293	Marionette	INFO	Listening on port 59365
1649296507667	RemoteAgent	WARN	TLS certificate errors will be ignored for this session
1649296551468	Marionette	INFO	Stopped listening on port 59365
console.warn: TopSitesFeed: Failed to fetch data from Contile server: NetworkError when attempting to fetch resource.

###!!! [Parent][PGPUParent] Error: RunMessage(msgname=PGPU::Msg_ShutdownVR) Channel closing: too late to send/recv, messages will be lost

1649296553615	geckodriver	INFO	Listening on 127.0.0.1:59426
1649296556662	mozrunner::runner	INFO	Running command: "C:\\Program Files\\Mozilla Firefox\\firefox.exe" "--marionette" "--remote-debugging-port" "59427" "-no-remote" "-profile" "E:\\TEMP\\rust_mozprofileQ2ounR"
1649296556915	Marionette	INFO	Marionette enabled
console.warn: SearchSettings: "get: No settings file exists, new profile?" (new NotFoundError("Could not open the file at E:\\TEMP\\rust_mozprofileQ2ounR\\search.json.mozlz4", (void 0)))
DevTools listening on ws://localhost:59427/devtools/browser/535a21b2-7cc1-48f3-9058-ba05ce03b21c
1649296559945	Marionette	INFO	Listening on port 59432
1649296560323	RemoteAgent	WARN	TLS certificate errors will be ignored for this session
JavaScript error: https://sk.hzcdn.com/assets/vendor_e7496045a9b664cf18ad.bundle.js?kcan=release20220406153420de0dfa50d3, line 1: Error: Ajax failed with http errorCode: 0 and errorMsg: error
1649296765202	Marionette	INFO	Stopped listening on port 59432
console.warn: TopSitesFeed: Failed to fetch data from Contile server: NetworkError when attempting to fetch resource.

###!!! [Parent][PGPUParent] Error: RunMessage(msgname=PGPU::Msg_ShutdownVR) Channel closing: too late to send/recv, messages will be lost

1649296858818	geckodriver	INFO	Listening on 127.0.0.1:59568
1649296861855	mozrunner::runner	INFO	Running command: "C:\\Program Files\\Mozilla Firefox\\firefox.exe" "--marionette" "--remote-debugging-port" "59569" "-no-remote" "-profile" "E:\\TEMP\\rust_mozprofileHzErNJ"
1649296862136	Marionette	INFO	Marionette enabled
1649297490287	geckodriver	INFO	Listening on 127.0.0.1:60297
1649297493336	mozrunner::runner	INFO	Running command: "C:\\Program Files\\Mozilla Firefox\\firefox.exe" "--marionette" "--remote-debugging-port" "60298" "-no-remote" "-profile" "E:\\TEMP\\rust_mozprofileywU19K"
1649297493592	Marionette	INFO	Marionette enabled
console.warn: SearchSettings: "get: No settings file exists, new profile?" (new NotFoundError("Could not open the file at E:\\TEMP\\rust_mozprofileywU19K\\search.json.mozlz4", (void 0)))
DevTools listening on ws://localhost:60298/devtools/browser/4f5be676-485d-4176-9ce5-edce6bc3894f
1649297496730	Marionette	INFO	Listening on port 60303
1649297497013	RemoteAgent	WARN	TLS certificate errors will be ignored for this session
1649297532639	Marionette	INFO	Stopped listening on port 60301649297534150	mozrunner::runner	INFO	Running command: "C:\\Program Files\\Mozilla Firefox\\firefox.exe" "--marionette" "--remote-debugging-port" "60361" "-no-remote" "-profile" "E:\\TEMP\\rust_mozprofileecCiQk"
1649297534409	Marionette	INFO	Marionette enabled
console.warn: SearchSettings: "get: No settings file exists, new profile?" (new NotFoundError("Could not open the file at E:\\TEMP\\rust_mozprofileecCiQk\\search.json.mozlz4", (void 0)))
DevTools listening on ws://localhost:60361/devtools/browser/a51b620b-60f5-4b33-8a95-9770e13977b3
1649297537422	Marionette	INFO	Listening on port 60366
1649297537806	RemoteAgent	WARN	TLS certificate errors will be ignored for this session
JavaScript error: https://sk.hzcdn.com/assets/vendor_e7496045a9b664cf18ad.bundle.js?kcan=release20220406153420de0dfa50d3, line 1: Error: Ajax failed with http errorCode: 0 and errorMsg: error
1649297623162	Marionette	INFO	Stopped listening on port 60366
console.warn: TopSitesFeed: Failed to fetch data from Contile server: NetworkError when attempting to fetch resource.
JavaScript error: chrome://remote/content/marionette/cert.js, line 55: NS_ERROR_NOT_AVAILABLE: Component returned failure code: 0x80040111 (NS_ERROR_NOT_AVAILABLE) [nsICertOverrideService.setDisableAllSecurityChecksAndLetAttackersInterceptMyData]
1649297648768	geckodriver	INFO	Listening on 127.0.0.1:60480
1649297651793	mozrunner::runner	INFO	Running command: "C:\\Program Files\\Mozilla Firefox\\firefox.exe" "--marionette" "--remote-debugging-port" "60481" "-no-remote" "-profile" "E:\\TEMP\\rust_mozprofileeU807a"
1649297652046	Marionette	INFO	Marionette enabled
console.warn: SearchSettings: "get: No settings file exists, new profile?" (new NotFoundError("Could not open the file at E:\\TEMP\\rust_mozprofileeU807a\\search.json.mozlz4", (void 0)))
DevTools listening on ws://localhost:60481/devtools/browser/216eeb33-918d-42d5-984c-e09ae6226674
1649297654725	Marionette	INFO	Listening on port 60487
1649297654958	RemoteAgent	WARN	TLS certificate errors will be ignored for this session
1649297693226	Marionette	INFO	Stopped listening on port 60487
console.warn: TopSitesFeed: Failed to fetch data from Contile server: NetworkError when attempting to fetch resource.
JavaScript error: chrome://remote/content/marionette/cert.js, line 55: NS_ERROR_NOT_AVAILABLE: Component returned failure code: 0x80040111 (NS_ERROR_NOT_AVAILABLE) [nsICertOverrideService.setDisableAllSecurityChecksAndLetAttackersInterceptMyData]

###!!! [Parent][PGPUParent] Error: RunMessage(msgname=PGPU::Msg_ShutdownVR) Channel closing: too late to send/recv, messages will be lost

1649297695956	geckodriver	INFO	Listening on 127.0.0.1:60544
1649297699002	mozrunner::runner	INFO	Running command: "C:\\Program Files\\Mozilla Firefox\\firefox.exe" "--marionette" "--remote-debugging-port" "60545" "-no-remote" "-profile" "E:\\TEMP\\rust_mozprofilesLOPgD"
1649297699254	Marionette	INFO	Marionette enabled
console.warn: SearchSettings: "get: No settings file exists, new profile?" (new NotFoundError("Could not open the file at E:\\TEMP\\rust_mozprofilesLOPgD\\search.json.mozlz4", (void 0)))
DevTools listening on ws://localhost:60545/devtools/browser/d8c8ce57-47ff-4750-8f34-3061af6e8c7d
1649297701967	Marionette	INFO	Listening on port 60551
1649297702216	RemoteAgent	WARN	TLS certificate errors will be ignored for this session
1649297777535	Marionette	INFO	Stopped listening on port 60551
console.warn: TopSitesFeed: Failed to fetch data from Contile server: NetworkError when attempting to fetch resource.

###!!! [Parent][PGPUParent] Error: RunMessage(msgname=PGPU::Msg_ShutdownVR) Channel closing: too late to send/recv, messages will be lostconsole.warn: SearchSettings: "get: No settings file exists, new profile?" (new NotFoundError("Could not open the file at E:\\TEMP\\rust_mozprofile98Aqon\\search.json.mozlz4", (void 0)))
DevTools listening on ws://localhost:60618/devtools/browser/725c24ca-92ed-4b88-b277-eef0955a8b83
1649297780221	Marionette	INFO	Listening on port 60623
1649297780390	RemoteAgent	WARN	TLS certificate errors will be ignored for this session
1649297804192	Marionette	INFO	Stopped listening on port 60623
console.warn: TopSitesFeed: Failed to fetch data from Contile server: NetworkError when attempting to fetch resource.
JavaScript error: chrome://remote/content/marionette/cert.js, line 55: NS_ERROR_NOT_AVAILABLE: Component returned failure code: 0x80040111 (NS_ERROR_NOT_AVAILABLE) [nsICertOverrideService.setDisableAllSecurityChecksAndLetAttackersInterceptMyData]
1649297821343	geckodriver	INFO	Listening on 127.0.0.1:60683
1649297835228	geckodriver	INFO	Listening on 127.0.0.1:60693
1649297838265	mozrunner::runner	INFO	Running command: "C:\\Program Files\\Mozilla Firefox\\firefox.exe" "--marionette" "--remote-debugging-port" "60694" "-no-remote" "-profile" "E:\\TEMP\\rust_mozprofileqNhb0j"
1649297838513	Marionette	INFO	Marionette enabled
console.warn: SearchSettings: "get: No settings file exists, new profile?" (new NotFoundError("Could not open the file at E:\\TEMP\\rust_mozprofileqNhb0j\\search.json.mozlz4", (void 0)))
DevTools listening on ws://localhost:60694/devtools/browser/da128456-d79d-4624-b952-99a37f84c2c9
1649297841221	Marionette	INFO	Listening on port 60699
1649297841428	RemoteAgent	WARN	TLS certificate errors will be ignored for this session
JavaScript error: https://sk.hzcdn.com/assets/vendor_e7496045a9b664cf18ad.bundle.js?kcan=release20220406153420de0dfa50d3, line 1: Error: Ajax failed with http errorCode: 0 and errorMsg: error
JavaScript error: https://sk.hzcdn.com/assets/vendor_e7496045a9b664cf18ad.bundle.js?kcan=release20220406153420de0dfa50d3, line 1: Error: Ajax failed with http errorCode: 503 and errorMsg: Service Unavailable
1649298396761	geckodriver	INFO	Listening on 127.0.0.1:60881
1649298399793	mozrunner::runner	INFO	Running command: "C:\\Program Files\\Mozilla Firefox\\firefox.exe" "--marionette" "--remote-debugging-port" "60882" "-no-remote" "-profile" "E:\\TEMP\\rust_mozprofileQo3GG3"
1649298400045	Marionette	INFO	Marionette enabled
console.warn: SearchSettings: "get: No settings file exists, new profile?" (new NotFoundError("Could not open the file at E:\\TEMP\\rust_mozprofileQo3GG3\\search.json.mozlz4", (void 0)))
DevTools listening on ws://localhost:60882/devtools/browser/d80d41e7-d516-4c4e-8841-d6cb7662a554
1649298402967	Marionette	INFO	Listening on port 60888
1649298403475	RemoteAgent	WARN	TLS certificate errors will be ignored for this session
JavaScript error: https://sk.hzcdn.com/assets/vendor_e7496045a9b664cf18ad.bundle.js?kcan=release20220406153420de0dfa50d3, line 1: Error: Ajax failed with http errorCode: 0 and errorMsg: error
JavaScript error: https://sk.hzcdn.com/assets/vendor_e7496045a9b664cf18ad.bundle.js?kcan=release20220406153420de0dfa50d3, line 1: Error: Ajax failed with http errorCode: 0 and errorMsg: error
JavaScript error: https://sk.hzcdn.com/assets/vendor_e7496045a9b664cf18ad.bundle.js?kcan=release20220406153420de0dfa50d3, line 1: Error: Ajax failed with http errorCode: 0 and errorMsg: error
1649298808137	Marionette	INFO	Stopped listening on port 60888
console.warn: TopSitesFeed: Failed to fetch data from Contile server: NetworkError when attempting to fetch resource.
remote-debugging-port" "61013" "-no-remote" "-profile" "E:\\TEMP\\rust_mozprofileuVhXyu"
1649298638512	Marionette	INFO	Marionette enabled
console.warn: SearchSettings: "get: No settings file exists, new profile?" (new NotFoundError("Could not open the file at E:\\TEMP\\rust_mozprofileuVhXyu\\search.json.mozlz4", (void 0)))
DevTools listening on ws://localhost:61013/devtools/browser/005412fd-33b9-44dc-aa91-5c3a8a843cb6
1649298641242	Marionette	INFO	Listening on port 61019
1649298641466	RemoteAgent	WARN	TLS certificate errors will be ignored for this session
1649298666795	Marionette	INFO	Stopped listening on port 61019
console.warn: TopSitesFeed: Failed to fetch data from Contile server: NetworkError when attempting to fetch resource.

###!!! [Parent][PGPUParent] Error: RunMessage(msgname=PGPU::Msg_ShutdownVR) Channel closing: too late to send/recv, messages will be lost

1649298806080	geckodriver	INFO	Listening on 127.0.0.1:61136
1649298809127	mozrunner::runner	INFO	Running command: "C:\\Program Files\\Mozilla Firefox\\firefox.exe" "--marionette" "--remote-debugging-port" "61137" "-no-remote" "-profile" "E:\\TEMP\\rust_mozprofileBx0inZ"
1649298809385	Marionette	INFO	Marionette enabled
console.warn: SearchSettings: "get: No settings file exists, new profile?" (new NotFoundError("Could not open the file at E:\\TEMP\\rust_mozprofileBx0inZ\\search.json.mozlz4", (void 0)))
DevTools listening on ws://localhost:61137/devtools/browser/9fbd4df5-706d-4cc7-94fa-c30030ac911e
1649298812269	Marionette	INFO	Listening on port 61143
1649298812571	RemoteAgent	WARN	TLS certificate errors will be ignored for this session
1649299067112	Marionette	INFO	Stopped listening on port 61143
console.warn: TopSitesFeed: Failed to fetch data from Contile server: NetworkError when attempting to fetch resource.

###!!! [Parent][PGPUParent] Error: RunMessage(msgname=PGPU::Msg_ShutdownVR) Channel closing: too late to send/recv, messages will be lost

ole.warn: SearchSettings: "get: No settings file exists, new profile?" (new NotFoundError("Could not open the file at E:\\TEMP\\rust_mozprofilenjwdOj\\search.json.mozlz4", (void 0)))
DevTools listening on ws://localhost:61201/devtools/browser/0d03fe05-97ca-46de-ab2c-74bdc8c6463e
1649298844338	Marionette	INFO	Listening on port 61206
1649298844604	RemoteAgent	WARN	TLS certificate errors will be ignored for this session
1649298850233	Marionette	INFO	Stopped listening on port 61206
console.warn: TopSitesFeed: Failed to fetch data from Contile server: NetworkError when attempting to fetch resource.
1649298857197	geckodriver	INFO	Listening on 127.0.0.1:61265
1649298860238	mozrunner::runner	INFO	Running command: "C:\\Program Files\\Mozilla Firefox\\firefox.exe" "--marionette" "--remote-debugging-port" "61266" "-no-remote" "-profile" "E:\\TEMP\\rust_mozprofileUhdiRi"
1649298860489	Marionette	INFO	Marionette enabled
console.warn: SearchSettings: "get: No settings file exists, new profile?" (new NotFoundError("Could not open the file at E:\\TEMP\\rust_mozprofileUhdiRi\\search.json.mozlz4", (void 0)))
DevTools listening on ws://localhost:61266/devtools/browser/93130b83-0811-4e37-8e38-c684bb2f0322
1649298863235	Marionette	INFO	Listening on port 61271
1649298863509	RemoteAgent	WARN	TLS certificate errors will be ignored for this session
JavaScript error: https://sk.hzcdn.com/assets/vendor_e7496045a9b664cf18ad.bundle.js?kcan=release20220406153420de0dfa50d3, line 1: Error: Ajax failed with http errorCode: 0 and errorMsg: error
JavaScript error: https://sk.hzcdn.com/assets/vendor_e7496045a9b664cf18ad.bundle.js?kcan=release20220406153420de0dfa50d3, line 1: Error: Ajax failed with http errorCode: 0 and errorMsg: error
JavaScript error: https://sk.hzcdn.com/assets/vendor_e7496045a9b664cf18ad.bundle.js?kcan=release20220406153420de0dfa50d3, line 1: Error: Ajax failed with http errorCode: 0 and errorMsg: error
JavaScript error: https://sk.hzcdn.com/assets/vendor_e7496045a9b664cf18ad.bundle.js?kcan=release20220406153420de0dfa50d3, line 1: Error: Ajax failed with http errorCode: 0 and errorMsg: error
JavaScript error: https://sk.hzcdn.com/assets/vendor_e7496045a9b664cf18ad.bundle.js?kcan=release20220406153420de0dfa50d3, line 1: Error: Ajax failed with http errorCode: 0 and errorMsg: error
JavaScript error: https://sk.hzcdn.com/assets/vendor_e7496045a9b664cf18ad.bundle.js?kcan=release20220406153420de0dfa50d3, line 1: Error: Ajax failed with http errorCode: 0 and errorMsg: error
JavaScript error: https://sk.hzcdn.com/assets/vendor_e7496045a9b664cf18ad.bundle.js?kcan=release20220406153420de0dfa50d3, line 1: Error: Ajax failed with http errorCode: 0 and errorMsg: error
JavaScript error: https://sk.hzcdn.com/assets/vendor_e7496045a9b664cf18ad.bundle.js?kcan=release20220406153420de0dfa50d3, line 1: Error: Ajax failed with http errorCode: 0 and errorMsg: error
JavaScript error: https://sk.hzcdn.com/assets/vendor_e7496045a9b664cf18ad.bundle.js?kcan=release20220406153420de0dfa50d3, line 1: Error: Ajax failed with http errorCode: 0 and errorMsg: error
JavaScript error: https://sk.hzcdn.com/assets/vendor_e7496045a9b664cf18ad.bundle.js?kcan=release20220406153420de0dfa50d3, line 1: Error: Ajax failed with http errorCode: 0 and errorMsg: error
JavaScript error: https://sk.hzcdn.com/assets/vendor_e7496045a9b664cf18ad.bundle.js?kcan=release20220406153420de0dfa50d3, line 1: Error: Ajax failed with http errorCode: 0 and errorMsg: error
JavaScript error: https://sk.hzcdn.com/assets/vendor_e7496045a9b664cf18ad.bundle.js?kcan=release20220406153420de0dfa50d3, line 1: Error: Ajax failed with http errorCode: 0 and errorMsg: error
JavaScript error: https://sk.hzcdn.com/assets/vendor_e7496045a9b664cf18ad.bundle.js?kcan=release20220406153420de0dfa50d3, line 1: Error: Ajax failed with http errorCode: 0 and errorMsg: error
JavaScript error: https://sk.hzcdn.com/assets/vendor_e7496045a9b664cf18ad.bundle.js?kcan=release20220406153420de0dfa50d3, line 1: Error: Ajax failed with http errorCode: 0 and errorMsg: error
JavaScript error: https://sk.hzcdn.com/assets/vendor_e7496045a9b664cf18ad.bundle.js?kcan=release20220406153420de0dfa50d3, line 1: Error: Ajax failed with http errorCode: 0 and errorMsg: error
JavaScript error: https://sk.hzcdn.com/assets/vendor_e7496045a9b664cf18ad.bundle.js?kcan=release20220406153420de0dfa50d3, line 1: Error: Ajax failed with http errorCode: 0 and errorMsg: error
JavaScript error: https://sk.hzcdn.com/assets/vendor_e7496045a9b664cf18ad.bundle.js?kcan=release20220406153420de0dfa50d3, line 1: Error: Ajax failed with http errorCode: 0 and errorMsg: error
JavaScript error: https://sk.hzcdn.com/assets/vendor_e7496045a9b664cf18ad.bundle.js?kcan=release20220406153420de0dfa50d3, line 1: Error: Ajax failed with http errorCode: 0 and errorMsg: error
JavaScript error: https://sk.hzcdn.com/assets/vendor_e7496045a9b664cf18ad.bundle.js?kcan=release20220406153420de0dfa50d3, line 1: Error: Ajax failed with http errorCode: 0 and errorMsg: error
JavaScript error: https://sk.hzcdn.com/assets/vendor_e7496045a9b664cf18ad.bundle.js?kcan=release20220406153420de0dfa50d3, line 1: Error: Ajax failed with http errorCode: 0 and errorMsg: error
JavaScript error: https://sk.hzcdn.com/assets/vendor_e7496045a9b664cf18ad.bundle.js?kcan=release20220406153420de0dfa50d3, line 1: Error: Ajax failed with http errorCode: 0 and errorMsg: error
JavaScript error: https://sk.hzcdn.com/assets/vendor_e7496045a9b664cf18ad.bundle.js?kcan=release20220406153420de0dfa50d3, line 1: Error: Ajax failed with http errorCode: 0 and errorMsg: error
JavaScript error: https://sk.hzcdn.com/assets/vendor_e7496045a9b664cf18ad.bundle.js?kcan=release20220406153420de0dfa50d3, line 1: Error: Ajax failed with http errorCode: 0 and errorMsg: error
JavaScript error: https://sk.hzcdn.com/assets/vendor_e7496045a9b664cf18ad.bundle.js?kcan=release20220406153420de0dfa50d3, line 1: Error: Ajax failed with http errorCode: 0 and errorMsg: error
JavaScript error: https://sk.hzcdn.com/assets/vendor_e7496045a9b664cf18ad.bundle.js?kcan=release20220406153420de0dfa50d3, line 1: Error: Ajax failed with http errorCode: 0 and errorMsg: error
JavaScript error: https://sk.hzcdn.com/assets/vendor_e7496045a9b664cf18ad.bundle.js?kcan=release20220406153420de0dfa50d3, line 1: Error: Ajax failed with http errorCode: 0 and errorMsg: error
JavaScript error: https://sk.hzcdn.com/assets/vendor_e7496045a9b664cf18ad.bundle.js?kcan=release20220406153420de0dfa50d3, line 1: Error: Ajax failed with http errorCode: 0 and errorMsg: error
JavaScript error: https://sk.hzcdn.com/assets/vendor_e7496045a9b664cf18ad.bundle.js?kcan=release20220406153420de0dfa50d3, line 1: Error: Ajax failed with http errorCode: 0 and errorMsg: error
JavaScript error: https://sk.hzcdn.com/assets/vendor_e7496045a9b664cf18ad.bundle.js?kcan=release20220406153420de0dfa50d3, line 1: Error: Ajax failed with http errorCode: 0 and errorMsg: error
JavaScript error: https://sk.hzcdn.com/assets/vendor_e7496045a9b664cf18ad.bundle.js?kcan=release20220406153420de0dfa50d3, line 1: Error: Ajax failed with http errorCode: 0 and errorMsg: error
1649299454902	geckodriver	INFO	Listening on 127.0.0.1:61472
1649299457940	mozrunner::runner	INFO	Running command: "C:\\Program Files\\Mozilla Firefox\\firefox.exe" "--marionette" "--remote-debugging-port" "61473" "-no-remote" "-profile" "E:\\TEMP\\rust_mozprofileJbb22J"
1649299458189	Marionette	INFO	Marionette enabled
console.warn: SearchSettings: "get: No settings file exists, new profile?" (new NotFoundError("Could not open the file at E:\\TEMP\\rust_mozprofileJbb22J\\search.json.mozlz4", (void 0)))
DevTools listening on ws://localhost:61473/devtools/browser/fd4d3e10-c6d6-4edb-bbe0-fe6e1ade30b5
1649299461162	Marionette	INFO	Listening on port 61478
1649299461619	RemoteAgent	WARN	TLS certificate errors will be ignored for this session
JavaScript error: https://sk.hzcdn.com/assets/vendor_e7496045a9b664cf18ad.bundle.js?kcan=release20220406153420de0dfa50d3, line 1: Error: Ajax failed with http errorCode: 0 and errorMsg: error
JavaScript error: https://sk.hzcdn.com/assets/vendor_e7496045a9b664cf18ad.bundle.js?kcan=release20220406153420de0dfa50d3, line 1: Error: Ajax failed with http errorCode: 0 and errorMsg: error
JavaScript error: https://sk.hzcdn.com/assets/vendor_e7496045a9b664cf18ad.bundle.js?kcan=release20220406153420de0dfa50d3, line 1: Error: Ajax failed with http errorCode: 0 and errorMsg: error
JavaScript error: https://sk.hzcdn.com/assets/vendor_e7496045a9b664cf18ad.bundle.js?kcan=release20220406153420de0dfa50d3, line 1: Error: Ajax failed with http errorCode: 0 and errorMsg: error
JavaScript error: https://sk.hzcdn.com/assets/vendor_e7496045a9b664cf18ad.bundle.js?kcan=release20220406153420de0dfa50d3, line 1: Error: Ajax failed with http errorCode: 0 and errorMsg: error
JavaScript error: https://sk.hzcdn.com/assets/vendor_e7496045a9b664cf18ad.bundle.js?kcan=release20220406153420de0dfa50d3, line 1: Error: Ajax failed with http errorCode: 0 and errorMsg: error
JavaScript error: https://sk.hzcdn.com/assets/vendor_e7496045a9b664cf18ad.bundle.js?kcan=release20220406153420de0dfa50d3, line 1: Error: Ajax failed with http errorCode: 0 and errorMsg: error
JavaScript error: https://sk.hzcdn.com/assets/vendor_e7496045a9b664cf18ad.bundle.js?kcan=release20220406153420de0dfa50d3, line 1: Error: Ajax failed with http errorCode: 0 and errorMsg: error
JavaScript error: https://sk.hzcdn.com/assets/vendor_e7496045a9b664cf18ad.bundle.js?kcan=release20220406153420de0dfa50d3, line 1: Error: Ajax failed with http errorCode: 0 and errorMsg: error
JavaScript error: https://sk.hzcdn.com/assets/vendor_e7496045a9b664cf18ad.bundle.js?kcan=release20220406153420de0dfa50d3, line 1: Error: Ajax failed with http errorCode: 0 and errorMsg: error
JavaScript error: https://sk.hzcdn.com/assets/vendor_e7496045a9b664cf18ad.bundle.js?kcan=release20220406153420de0dfa50d3, line 1: Error: Ajax failed with http errorCode: 0 and errorMsg: error
JavaScript error: https://sk.hzcdn.com/assets/vendor_e7496045a9b664cf18ad.bundle.js?kcan=release20220406153420de0dfa50d3, line 1: Error: Ajax failed with http errorCode: 0 and errorMsg: error
JavaScript error: https://sk.hzcdn.com/assets/vendor_e7496045a9b664cf18ad.bundle.js?kcan=release20220406153420de0dfa50d3, line 1: Error: Ajax failed with http errorCode: 0 and errorMsg: error
JavaScript error: https://sk.hzcdn.com/assets/vendor_e7496045a9b664cf18ad.bundle.js?kcan=release20220406153420de0dfa50d3, line 1: Error: Ajax failed with http errorCode: 0 and errorMsg: error
JavaScript error: https://sk.hzcdn.com/assets/vendor_e7496045a9b664cf18ad.bundle.js?kcan=release20220406153420de0dfa50d3, line 1: Error: Ajax failed with http errorCode: 0 and errorMsg: error
JavaScript error: https://sk.hzcdn.com/assets/vendor_e7496045a9b664cf18ad.bundle.js?kcan=release20220406153420de0dfa50d3, line 1: Error: Ajax failed with http errorCode: 0 and errorMsg: error
JavaScript error: https://sk.hzcdn.com/assets/vendor_e7496045a9b664cf18ad.bundle.js?kcan=release20220406153420de0dfa50d3, line 1: Error: Ajax failed with http errorCode: 0 and errorMsg: error
JavaScript error: https://sk.hzcdn.com/assets/vendor_e7496045a9b664cf18ad.bundle.js?kcan=release20220406153420de0dfa50d3, line 1: Error: Ajax failed with http errorCode: 0 and errorMsg: error
1649302959372	geckodriver	INFO	Listening on 127.0.0.1:54391
1649302962392	mozrunner::runner	INFO	Running command: "C:\\Program Files\\Mozilla Firefox\\firefox.exe" "--marionette" "--remote-debugging-port" "54392" "-no-remote" "-profile" "E:\\TEMP\\rust_mozprofilegPEKIS"
1649302962641	Marionette	INFO	Marionette enabled
console.warn: SearchSettings: "get: No settings file exists, new profile?" (new NotFoundError("Could not open the file at E:\\TEMP\\rust_mozprofilegPEKIS\\search.json.mozlz4", (void 0)))
DevTools listening on ws://localhost:54392/devtools/browser/8c33cf8f-66b0-4133-8429-4b5bc7762381
1649302965573	Marionette	INFO	Listening on port 54397
1649302966077	RemoteAgent	WARN	TLS certificate errors will be ignored for this session
1649303040017	Marionette	INFO	Stopped listening on port 54397
console.warn: TopSitesFeed: Failed to fetch data from Contile server: NetworkError when attempting to fetch resource.
[Parent 12484, IPC I/O Parent] WARNING: file /builds/worker/checkouts/gecko/ipc/chromium/src/base/process_util_win.cc:167

###!!! [Parent][PGPUParent] Error: RunMessage(msgname=PGPU::Msg_ShutdownVR) Channel closing: too late to send/recv, messages will be lost

EMP\\rust_mozprofile3BL5nP\\search.json.mozlz4", (void 0)))
DevTools listening on ws://localhost:54461/devtools/browser/e6a5b0cc-805e-445a-8f41-7c7aa5232ea8
1649303037758	Marionette	INFO	Listening on port 54468
1649303038288	RemoteAgent	WARN	TLS certificate errors will be ignored for this session
1649303129056	geckodriver	INFO	Listening on 127.0.0.1:54777
1649303132099	mozrunner::runner	INFO	Running command: "C:\\Program Files\\Mozilla Firefox\\firefox.exe" "--marionette" "--remote-debugging-port" "54778" "-no-remote" "-profile" "E:\\TEMP\\rust_mozprofilecd8nCn"
1649303132345	Marionette	INFO	Marionette enabled
console.warn: SearchSettings: "get: No settings file exists, new profile?" (new NotFoundError("Could not open the file at E:\\TEMP\\rust_mozprofilecd8nCn\\search.json.mozlz4", (void 0)))
DevTools listening on ws://localhost:54778/devtools/browser/99fec7f8-6dad-4305-8c49-7fc885b63843
JavaScript error: resource://activity-stream/lib/PlacesFeed.jsm, line 221: NS_ERROR_ILLEGAL_VALUE: Component returned failure code: 0x80070057 (NS_ERROR_ILLEGAL_VALUE) [nsINavBookmarksService.removeObserver]
1649303135418	Marionette	INFO	Listening on port 54784
console.warn: TopSitesFeed: Failed to fetch data from Contile server: NetworkError when attempting to fetch resource.
console.error: Region.jsm: "Error fetching region" (new TypeError("NetworkError when attempting to fetch resource.", ""))
console.error: Region.jsm: "Failed to fetch region" (new Error("NO_RESULT", "resource://gre/modules/Region.jsm", 419))
[Parent 14392, IPC I/O Parent] WARNING: pipe error: 232: file /builds/worker/checkouts/gecko/ipc/chromium/src/chrome/common/ipc_channel_win.cc:565
[Parent 14392, IPC I/O Parent] WARNING: file /builds/worker/checkouts/gecko/ipc/chromium/src/base/process_util_win.cc:167
console.log: "RemoteSettingsWorker error: Error: Can't import when we've started shutting down."
JavaScript error: resource://gre/modules/JSONFile.jsm, line 186: Error: Data is not ready.
console.log: "RemoteSettingsWorker error: Error: Can't import when we've started shutting down."
console.log: "RemoteSettingsWorker error: Error: Can't import when we've started shutting down."
console.log: "RemoteSettingsWorker error: Error: Can't import when we've started shutting down."
console.log: "RemoteSettingsWorker error: Error: Can't import when we've started shutting down."
console.error: "Could not load engine google@search.mozilla.org: [Exception... \"AddonManager is not initialized\"  nsresult: \"0xc1f30001 (NS_ERROR_NOT_INITIALIZED)\"  location: \"JS frame :: resource://gre/modules/AddonManager.jsm :: installBuiltinAddon :: line 2451\"  data: no]"
console.error: "Could not load engine amazondotcom@search.mozilla.org: [Exception... \"AddonManager is not initialized\"  nsresult: \"0xc1f30001 (NS_ERROR_NOT_INITIALIZED)\"  location: \"JS frame :: resource://gre/modules/AddonManager.jsm :: installBuiltinAddon :: line 2451\"  data: no]"
console.error: "Could not load engine chambers-en-GB@search.mozilla.org: [Exception... \"AddonManager is not initialized\"  nsresult: \"0xc1f30001 (NS_ERROR_NOT_INITIALIZED)\"  location: \"JS frame :: resource://gre/modules/AddonManager.jsm :: installBuiltinAddon :: line 2451\"  data: no]"
console.error: "Could not load engine wikipedia@search.mozilla.org: [Exception... \"AddonManager is not initialized\"  nsresult: \"0xc1f30001 (NS_ERROR_NOT_INITIALIZED)\"  location: \"JS frame :: resource://gre/modules/AddonManager.jsm :: installBuiltinAddon :: line 2451\"  data: no]"
console.error: "Could not load engine bing@search.mozilla.org: [Exception... \"AddonManager is not initialized\"  nsresult: \"0xc1f30001 (NS_ERROR_NOT_INITIALIZED)\"  location: \"JS frame :: resource://gre/modules/AddonManager.jsm :: installBuiltinAddon :: line 2451\"  data: no]"
console.error: "Could not load engine ddg@search.mozilla.org: [Exception... \"AddonManager is not initialized\"  nsresult: \"0xc1f30001 (NS_ERROR_NOT_INITIALIZED)\"  location: \"JS frame :: resource://gre/modules/AddonManager.jsm :: installBuiltinAddon :: line 2451\"  data: no]"
console.error: "Could not load engine ebay@search.mozilla.org: [Exception... \"AddonManager is not initialized\"  nsresult: \"0xc1f30001 (NS_ERROR_NOT_INITIALIZED)\"  location: \"JS frame :: resource://gre/modules/AddonManager.jsm :: installBuiltinAddon :: line 2451\"  data: no]"
console.error: SearchService: "Could not find a replacement default engine."
console.warn: SearchService: "_init: abandoning init due to shutting down"
JavaScript error: resource://gre/modules/AsyncShutdown.jsm, line 575: uncaught exception: 2147500036
JavaScript error: resource://gre/modules/AsyncShutdown.jsm, line 575: uncaught exception: 2147500036
JavaScript error: resource://gre/modules/AsyncShutdown.jsm, line 575: uncaught exception: 2147500036
JavaScript error: resource://gre/modules/AsyncShutdown.jsm, line 575: uncaught exception: 2147500036
JavaScript error: resource://gre/modules/AsyncShutdown.jsm, line 575: uncaught exception: 2147500036
JavaScript error: , line 0: uncaught exception: 2147500036

###!!! [Parent][PGPUParent] Error: RunMessage(msgname=PGPU::Msg_ShutdownVR) Channel closing: too late to send/recv, messages will be lost

1649303518690	geckodriver	INFO	Listening on 127.0.0.1:55418
1649303521734	mozrunner::runner	INFO	Running command: "C:\\Program Files\\Mozilla Firefox\\firefox.exe" "--marionette" "--remote-debugging-port" "55419" "-no-remote" "-profile" "E:\\TEMP\\rust_mozprofileKglPQQ"
1649303521983	Marionette	INFO	Marionette enabled
console.warn: SearchSettings: "get: No settings file exists, new profile?" (new NotFoundError("Could not open the file at E:\\TEMP\\rust_mozprofileKglPQQ\\search.json.mozlz4", (void 0)))
DevTools listening on ws://localhost:55419/devtools/browser/b6f2629d-ba74-423b-b40a-32e88e755466
1649303524828	Marionette	INFO	Listening on port 55424
1649303525148	RemoteAgent	WARN	TLS certificate errors will be ignored for this session
JavaScript error: https://sk.hzcdn.com/assets/vendor_e7496045a9b664cf18ad.bundle.js?kcan=release20220406153420de0dfa50d3, line 1: Error: Ajax failed with http errorCode: 0 and errorMsg: error
JavaScript error: https://sk.hzcdn.com/assets/vendor_e7496045a9b664cf18ad.bundle.js?kcan=release20220406153420de0dfa50d3, line 1: Error: Ajax failed with http errorCode: 0 and errorMsg: error
1649303713547	geckodriver	INFO	Listening on 127.0.0.1:55616
1649303716567	mozrunner::runner	INFO	Running command: "C:\\Program Files\\Mozilla Firefox\\firefox.exe" "--marionette" "--remote-debugging-port" "55617" "-no-remote" "-profile" "E:\\TEMP\\rust_mozprofileu26VSr"
1649303716811	Marionette	INFO	Marionette enabled
console.warn: SearchSettings: "get: No settings file exists, new profile?" (new NotFoundError("Could not open the file at E:\\TEMP\\rust_mozprofileu26VSr\\search.json.mozlz4", (void 0)))
DevTools listening on ws://localhost:55617/devtools/browser/710f813d-cb85-442c-b45f-1d8f2438d561
1649303719618	Marionette	INFO	Listening on port 55622
1649303719879	RemoteAgent	WARN	TLS certificate errors will be ignored for this session
1649303899198	geckodriver	INFO	Listening on 127.0.0.1:55682
1649303902233	mozrunner::runner	INFO	Running command: "C:\\Program Files\\Mozilla Firefox\\firefox.exe" "--marionette" "--remote-debugging-port" "55683" "-no-remote" "-profile" "E:\\TEMP\\rust_mozprofileHaQXSz"
1649303902477	Marionette	INFO	Marionette enabled
console.warn: SearchSettings: "get: No settings file exists, new profile?" (new NotFoundError("Could not open the file at E:\\TEMP\\rust_mozprofileHaQXSz\\search.json.mozlz4", (void 0)))
DevTools listening on ws://localhost:55683/devtools/browser/e46e217e-119c-4d4f-b823-6baad1a53d52
1649303905122	Marionette	INFO	Listening on port 55688
1649303905403	RemoteAgent	WARN	TLS certificate errors will be ignored for this session
1649303990534	geckodriver	INFO	Listening on 127.0.0.1:55752
1649303993565	mozrunner::runner	INFO	Running command: "C:\\Program Files\\Mozilla Firefox\\firefox.exe" "--marionette" "--remote-debugging-port" "55753" "-no-remote" "-profile" "E:\\TEMP\\rust_mozprofileQuuszQ"
1649303993817	Marionette	INFO	Marionette enabled
console.warn: SearchSettings: "get: No settings file exists, new profile?" (new NotFoundError("Could not open the file at E:\\TEMP\\rust_mozprofileQuuszQ\\search.json.mozlz4", (void 0)))
DevTools listening on ws://localhost:55753/devtools/browser/872becab-6985-4370-8d6e-27fe753b639a
1649303996886	Marionette	INFO	Listening on port 55760
1649303997217	RemoteAgent	WARN	TLS certificate errors will be ignored for this session
JavaScript error: https://sk.hzcdn.com/assets/vendor_e7496045a9b664cf18ad.bundle.js?kcan=release20220406153420de0dfa50d3, line 1: Error: Ajax failed with http errorCode: 0 and errorMsg: error
JavaScript error: https://sk.hzcdn.com/assets/vendor_e7496045a9b664cf18ad.bundle.js?kcan=release20220406153420de0dfa50d3, line 1: Error: Ajax failed with http errorCode: 0 and errorMsg: error
JavaScript error: https://sk.hzcdn.com/assets/vendor_e7496045a9b664cf18ad.bundle.js?kcan=release20220406153420de0dfa50d3, line 1: Error: Ajax failed with http errorCode: 0 and errorMsg: error
JavaScript error: https://sk.hzcdn.com/assets/vendor_e7496045a9b664cf18ad.bundle.js?kcan=release20220406153420de0dfa50d3, line 1: Error: Ajax failed with http errorCode: 0 and errorMsg: error
JavaScript error: https://sk.hzcdn.com/assets/vendor_e7496045a9b664cf18ad.bundle.js?kcan=release20220406153420de0dfa50d3, line 1: Error: Ajax failed with http errorCode: 0 and errorMsg: error
JavaScript error: https://sk.hzcdn.com/assets/vendor_e7496045a9b664cf18ad.bundle.js?kcan=release20220406153420de0dfa50d3, line 1: Error: Ajax failed with http errorCode: 0 and errorMsg: error
JavaScript error: https://sk.hzcdn.com/assets/vendor_e7496045a9b664cf18ad.bundle.js?kcan=release20220406153420de0dfa50d3, line 1: Error: Ajax failed with http errorCode: 0 and errorMsg: error
JavaScript error: https://sk.hzcdn.com/assets/vendor_e7496045a9b664cf18ad.bundle.js?kcan=release20220406153420de0dfa50d3, line 1: Error: Ajax failed with http errorCode: 0 and errorMsg: error
JavaScript error: https://sk.hzcdn.com/assets/vendor_e7496045a9b664cf18ad.bundle.js?kcan=release20220406153420de0dfa50d3, line 1: Error: Ajax failed with http errorCode: 0 and errorMsg: error
JavaScript error: https://sk.hzcdn.com/assets/vendor_e7496045a9b664cf18ad.bundle.js?kcan=release20220406153420de0dfa50d3, line 1: Error: Ajax failed with http errorCode: 0 and errorMsg: error
JavaScript error: https://sk.hzcdn.com/assets/vendor_e7496045a9b664cf18ad.bundle.js?kcan=release20220406153420de0dfa50d3, line 1: Error: Ajax failed with http errorCode: 0 and errorMsg: error
JavaScript error: https://sk.hzcdn.com/assets/vendor_e7496045a9b664cf18ad.bundle.js?kcan=release20220406153420de0dfa50d3, line 1: Error: Ajax failed with http errorCode: 0 and errorMsg: error
JavaScript error: https://sk.hzcdn.com/assets/vendor_e7496045a9b664cf18ad.bundle.js?kcan=release20220406153420de0dfa50d3, line 1: Error: Ajax failed with http errorCode: 0 and errorMsg: error
JavaScript error: https://sk.hzcdn.com/assets/vendor_e7496045a9b664cf18ad.bundle.js?kcan=release20220406153420de0dfa50d3, line 1: Error: Ajax failed with http errorCode: 0 and errorMsg: error
JavaScript error: https://sk.hzcdn.com/assets/vendor_e7496045a9b664cf18ad.bundle.js?kcan=release20220406153420de0dfa50d3, line 1: Error: Ajax failed with http errorCode: 0 and errorMsg: error
JavaScript error: https://sk.hzcdn.com/assets/vendor_e7496045a9b664cf18ad.bundle.js?kcan=release20220406153420de0dfa50d3, line 1: Error: Ajax failed with http errorCode: 0 and errorMsg: error
JavaScript error: https://sk.hzcdn.com/assets/vendor_e7496045a9b664cf18ad.bundle.js?kcan=release20220406153420de0dfa50d3, line 1: Error: Ajax failed with http errorCode: 0 and errorMsg: error
JavaScript error: https://sk.hzcdn.com/assets/vendor_e7496045a9b664cf18ad.bundle.js?kcan=release20220406153420de0dfa50d3, line 1: Error: Ajax failed with http errorCode: 0 and errorMsg: error
JavaScript error: https://sk.hzcdn.com/assets/vendor_e7496045a9b664cf18ad.bundle.js?kcan=release20220406153420de0dfa50d3, line 1: Error: Ajax failed with http errorCode: 0 and errorMsg: error
JavaScript error: https://sk.hzcdn.com/assets/vendor_e7496045a9b664cf18ad.bundle.js?kcan=release20220406153420de0dfa50d3, line 1: Error: Ajax failed with http errorCode: 0 and errorMsg: error
JavaScript error: https://sk.hzcdn.com/assets/vendor_e7496045a9b664cf18ad.bundle.js?kcan=release20220406153420de0dfa50d3, line 1: Error: Ajax failed with http errorCode: 0 and errorMsg: error
JavaScript error: https://sk.hzcdn.com/assets/vendor_e7496045a9b664cf18ad.bundle.js?kcan=release20220406153420de0dfa50d3, line 1: Error: Ajax failed with http errorCode: 0 and errorMsg: error
JavaScript error: https://sk.hzcdn.com/assets/vendor_e7496045a9b664cf18ad.bundle.js?kcan=release20220406153420de0dfa50d3, line 1: Error: Ajax failed with http errorCode: 0 and errorMsg: error
JavaScript error: https://sk.hzcdn.com/assets/vendor_e7496045a9b664cf18ad.bundle.js?kcan=release20220406153420de0dfa50d3, line 1: Error: Ajax failed with http errorCode: 0 and errorMsg: error
JavaScript error: https://sk.hzcdn.com/assets/vendor_e7496045a9b664cf18ad.bundle.js?kcan=release20220406153420de0dfa50d3, line 1: Error: Ajax failed with http errorCode: 0 and errorMsg: error
JavaScript error: https://sk.hzcdn.com/assets/vendor_e7496045a9b664cf18ad.bundle.js?kcan=release20220406153420de0dfa50d3, line 1: Error: Ajax failed with http errorCode: 0 and errorMsg: error
JavaScript error: https://sk.hzcdn.com/assets/vendor_e7496045a9b664cf18ad.bundle.js?kcan=release20220406153420de0dfa50d3, line 1: Error: Ajax failed with http errorCode: 0 and errorMsg: error
JavaScript error: https://sk.hzcdn.com/assets/vendor_e7496045a9b664cf18ad.bundle.js?kcan=release20220406153420de0dfa50d3, line 1: Error: Ajax failed with http errorCode: 0 and errorMsg: error
JavaScript error: https://sk.hzcdn.com/assets/vendor_e7496045a9b664cf18ad.bundle.js?kcan=release20220406153420de0dfa50d3, line 1: Error: Ajax failed with http errorCode: 0 and errorMsg: error
JavaScript error: https://sk.hzcdn.com/assets/vendor_e7496045a9b664cf18ad.bundle.js?kcan=release20220406153420de0dfa50d3, line 1: Error: Ajax failed with http errorCode: 0 and errorMsg: error
JavaScript error: https://sk.hzcdn.com/assets/vendor_e7496045a9b664cf18ad.bundle.js?kcan=release20220406153420de0dfa50d3, line 1: Error: Ajax failed with http errorCode: 0 and errorMsg: error
JavaScript error: https://sk.hzcdn.com/assets/vendor_e7496045a9b664cf18ad.bundle.js?kcan=release20220406153420de0dfa50d3, line 1: Error: Ajax failed with http errorCode: 0 and errorMsg: error
JavaScript error: https://sk.hzcdn.com/assets/vendor_e7496045a9b664cf18ad.bundle.js?kcan=release20220406153420de0dfa50d3, line 1: Error: Ajax failed with http errorCode: 0 and errorMsg: error
JavaScript error: https://sk.hzcdn.com/assets/vendor_e7496045a9b664cf18ad.bundle.js?kcan=release20220406153420de0dfa50d3, line 1: Error: Ajax failed with http errorCode: 0 and errorMsg: error
JavaScript error: https://sk.hzcdn.com/assets/vendor_e7496045a9b664cf18ad.bundle.js?kcan=release20220406153420de0dfa50d3, line 1: Error: Ajax failed with http errorCode: 0 and errorMsg: error
JavaScript error: https://sk.hzcdn.com/assets/vendor_e7496045a9b664cf18ad.bundle.js?kcan=release20220406153420de0dfa50d3, line 1: Error: Ajax failed with http errorCode: 0 and errorMsg: error
JavaScript error: https://sk.hzcdn.com/assets/vendor_e7496045a9b664cf18ad.bundle.js?kcan=release20220406153420de0dfa50d3, line 1: Error: Ajax failed with http errorCode: 0 and errorMsg: error
JavaScript error: https://sk.hzcdn.com/assets/vendor_e7496045a9b664cf18ad.bundle.js?kcan=release20220406153420de0dfa50d3, line 1: Error: Ajax failed with http errorCode: 0 and errorMsg: error
JavaScript error: https://sk.hzcdn.com/assets/vendor_e7496045a9b664cf18ad.bundle.js?kcan=release20220406153420de0dfa50d3, line 1: Error: Ajax failed with http errorCode: 0 and errorMsg: error
JavaScript error: https://sk.hzcdn.com/assets/vendor_e7496045a9b664cf18ad.bundle.js?kcan=release20220406153420de0dfa50d3, line 1: Error: Ajax failed with http errorCode: 0 and errorMsg: error
JavaScript error: https://sk.hzcdn.com/assets/vendor_e7496045a9b664cf18ad.bundle.js?kcan=release20220406153420de0dfa50d3, line 1: Error: Ajax failed with http errorCode: 0 and errorMsg: error
JavaScript error: https://sk.hzcdn.com/assets/vendor_e7496045a9b664cf18ad.bundle.js?kcan=release20220406153420de0dfa50d3, line 1: Error: Ajax failed with http errorCode: 0 and errorMsg: error
JavaScript error: https://sk.hzcdn.com/assets/vendor_e7496045a9b664cf18ad.bundle.js?kcan=release20220406153420de0dfa50d3, line 1: Error: Ajax failed with http errorCode: 0 and errorMsg: error
JavaScript error: https://sk.hzcdn.com/assets/vendor_e7496045a9b664cf18ad.bundle.js?kcan=release20220406153420de0dfa50d3, line 1: Error: Ajax failed with http errorCode: 0 and errorMsg: error
JavaScript error: https://sk.hzcdn.com/assets/vendor_e7496045a9b664cf18ad.bundle.js?kcan=release20220406153420de0dfa50d3, line 1: Error: Ajax failed with http errorCode: 0 and errorMsg: error
JavaScript error: https://sk.hzcdn.com/assets/vendor_e7496045a9b664cf18ad.bundle.js?kcan=release20220406153420de0dfa50d3, line 1: Error: Ajax failed with http errorCode: 0 and errorMsg: error
JavaScript error: https://sk.hzcdn.com/assets/vendor_e7496045a9b664cf18ad.bundle.js?kcan=release20220406153420de0dfa50d3, line 1: Error: Ajax failed with http errorCode: 0 and errorMsg: error
JavaScript error: https://sk.hzcdn.com/assets/vendor_e7496045a9b664cf18ad.bundle.js?kcan=release20220406153420de0dfa50d3, line 1: Error: Ajax failed with http errorCode: 0 and errorMsg: error
JavaScript error: https://sk.hzcdn.com/assets/vendor_e7496045a9b664cf18ad.bundle.js?kcan=release20220406153420de0dfa50d3, line 1: Error: Ajax failed with http errorCode: 0 and errorMsg: error
JavaScript error: https://sk.hzcdn.com/assets/vendor_e7496045a9b664cf18ad.bundle.js?kcan=release20220406153420de0dfa50d3, line 1: Error: Ajax failed with http errorCode: 0 and errorMsg: error
JavaScript error: https://sk.hzcdn.com/assets/vendor_e7496045a9b664cf18ad.bundle.js?kcan=release20220406153420de0dfa50d3, line 1: Error: Ajax failed with http errorCode: 0 and errorMsg: error
JavaScript error: https://sk.hzcdn.com/assets/vendor_e7496045a9b664cf18ad.bundle.js?kcan=release20220406153420de0dfa50d3, line 1: Error: Ajax failed with http errorCode: 0 and errorMsg: error
JavaScript error: https://sk.hzcdn.com/assets/vendor_e7496045a9b664cf18ad.bundle.js?kcan=release20220406153420de0dfa50d3, line 1: Error: Ajax failed with http errorCode: 0 and errorMsg: error
JavaScript error: https://sk.hzcdn.com/assets/vendor_e7496045a9b664cf18ad.bundle.js?kcan=release20220406153420de0dfa50d3, line 1: Error: Ajax failed with http errorCode: 0 and errorMsg: error
JavaScript error: https://sk.hzcdn.com/assets/vendor_e7496045a9b664cf18ad.bundle.js?kcan=release20220406153420de0dfa50d3, line 1: Error: Ajax failed with http errorCode: 0 and errorMsg: error
JavaScript error: https://sk.hzcdn.com/assets/vendor_e7496045a9b664cf18ad.bundle.js?kcan=release20220406153420de0dfa50d3, line 1: Error: Ajax failed with http errorCode: 0 and errorMsg: error
JavaScript error: https://sk.hzcdn.com/assets/vendor_e7496045a9b664cf18ad.bundle.js?kcan=release20220406153420de0dfa50d3, line 1: Error: Ajax failed with http errorCode: 0 and errorMsg: error
JavaScript error: https://sk.hzcdn.com/assets/vendor_e7496045a9b664cf18ad.bundle.js?kcan=release20220406153420de0dfa50d3, line 1: Error: Ajax failed with http errorCode: 0 and errorMsg: error
JavaScript error: https://sk.hzcdn.com/assets/vendor_e7496045a9b664cf18ad.bundle.js?kcan=release20220406153420de0dfa50d3, line 1: Error: Ajax failed with http errorCode: 0 and errorMsg: error
JavaScript error: https://sk.hzcdn.com/assets/vendor_e7496045a9b664cf18ad.bundle.js?kcan=release20220406153420de0dfa50d3, line 1: Error: Ajax failed with http errorCode: 0 and errorMsg: error
JavaScript error: https://sk.hzcdn.com/assets/vendor_e7496045a9b664cf18ad.bundle.js?kcan=release20220406153420de0dfa50d3, line 1: Error: Ajax failed with http errorCode: 0 and errorMsg: error
JavaScript error: https://sk.hzcdn.com/assets/vendor_e7496045a9b664cf18ad.bundle.js?kcan=release20220406153420de0dfa50d3, line 1: Error: Ajax failed with http errorCode: 0 and errorMsg: error
JavaScript error: https://sk.hzcdn.com/assets/vendor_e7496045a9b664cf18ad.bundle.js?kcan=release20220406153420de0dfa50d3, line 1: Error: Ajax failed with http errorCode: 0 and errorMsg: error
JavaScript error: https://sk.hzcdn.com/assets/vendor_e7496045a9b664cf18ad.bundle.js?kcan=release20220406153420de0dfa50d3, line 1: Error: Ajax failed with http errorCode: 0 and errorMsg: error
JavaScript error: https://sk.hzcdn.com/assets/vendor_e7496045a9b664cf18ad.bundle.js?kcan=release20220406153420de0dfa50d3, line 1: Error: Ajax failed with http errorCode: 0 and errorMsg: error
JavaScript error: https://sk.hzcdn.com/assets/vendor_e7496045a9b664cf18ad.bundle.js?kcan=release20220406153420de0dfa50d3, line 1: Error: Ajax failed with http errorCode: 0 and errorMsg: error
JavaScript error: https://sk.hzcdn.com/assets/vendor_e7496045a9b664cf18ad.bundle.js?kcan=release20220406153420de0dfa50d3, line 1: Error: Ajax failed with http errorCode: 0 and errorMsg: error
JavaScript error: https://sk.hzcdn.com/assets/vendor_e7496045a9b664cf18ad.bundle.js?kcan=release20220406153420de0dfa50d3, line 1: Error: Ajax failed with http errorCode: 0 and errorMsg: error
JavaScript error: https://sk.hzcdn.com/assets/vendor_e7496045a9b664cf18ad.bundle.js?kcan=release20220406153420de0dfa50d3, line 1: Error: Ajax failed with http errorCode: 0 and errorMsg: error
JavaScript error: https://sk.hzcdn.com/assets/vendor_e7496045a9b664cf18ad.bundle.js?kcan=release20220406153420de0dfa50d3, line 1: Error: Ajax failed with http errorCode: 0 and errorMsg: error
JavaScript error: https://sk.hzcdn.com/assets/vendor_e7496045a9b664cf18ad.bundle.js?kcan=release20220406153420de0dfa50d3, line 1: Error: Ajax failed with http errorCode: 0 and errorMsg: error
JavaScript error: https://sk.hzcdn.com/assets/vendor_e7496045a9b664cf18ad.bundle.js?kcan=release20220406153420de0dfa50d3, line 1: Error: Ajax failed with http errorCode: 0 and errorMsg: error
JavaScript error: https://sk.hzcdn.com/assets/vendor_e7496045a9b664cf18ad.bundle.js?kcan=release20220406153420de0dfa50d3, line 1: Error: Ajax failed with http errorCode: 0 and errorMsg: error
JavaScript error: https://sk.hzcdn.com/assets/vendor_e7496045a9b664cf18ad.bundle.js?kcan=release20220406153420de0dfa50d3, line 1: Error: Ajax failed with http errorCode: 0 and errorMsg: error
JavaScript error: https://sk.hzcdn.com/assets/vendor_e7496045a9b664cf18ad.bundle.js?kcan=release20220406153420de0dfa50d3, line 1: Error: Ajax failed with http errorCode: 0 and errorMsg: error
JavaScript error: https://sk.hzcdn.com/assets/vendor_e7496045a9b664cf18ad.bundle.js?kcan=release20220406153420de0dfa50d3, line 1: Error: Ajax failed with http errorCode: 0 and errorMsg: error
JavaScript error: https://sk.hzcdn.com/assets/vendor_e7496045a9b664cf18ad.bundle.js?kcan=release20220406153420de0dfa50d3, line 1: Error: Ajax failed with http errorCode: 0 and errorMsg: error
JavaScript error: https://sk.hzcdn.com/assets/vendor_e7496045a9b664cf18ad.bundle.js?kcan=release20220406153420de0dfa50d3, line 1: Error: Ajax failed with http errorCode: 0 and errorMsg: error
JavaScript error: https://sk.hzcdn.com/assets/vendor_e7496045a9b664cf18ad.bundle.js?kcan=release20220406153420de0dfa50d3, line 1: Error: Ajax failed with http errorCode: 0 and errorMsg: error
JavaScript error: https://sk.hzcdn.com/assets/vendor_e7496045a9b664cf18ad.bundle.js?kcan=release20220406153420de0dfa50d3, line 1: Error: Ajax failed with http errorCode: 0 and errorMsg: error
JavaScript error: https://sk.hzcdn.com/assets/vendor_e7496045a9b664cf18ad.bundle.js?kcan=release20220406153420de0dfa50d3, line 1: Error: Ajax failed with http errorCode: 0 and errorMsg: error
JavaScript error: https://sk.hzcdn.com/assets/vendor_e7496045a9b664cf18ad.bundle.js?kcan=release20220406153420de0dfa50d3, line 1: Error: Ajax failed with http errorCode: 0 and errorMsg: error
JavaScript error: https://sk.hzcdn.com/assets/vendor_e7496045a9b664cf18ad.bundle.js?kcan=release20220406153420de0dfa50d3, line 1: Error: Ajax failed with http errorCode: 0 and errorMsg: error
JavaScript error: https://sk.hzcdn.com/assets/vendor_e7496045a9b664cf18ad.bundle.js?kcan=release20220406153420de0dfa50d3, line 1: Error: Ajax failed with http errorCode: 0 and errorMsg: error
JavaScript error: https://sk.hzcdn.com/assets/vendor_e7496045a9b664cf18ad.bundle.js?kcan=release20220406153420de0dfa50d3, line 1: Error: Ajax failed with http errorCode: 0 and errorMsg: error
JavaScript error: https://sk.hzcdn.com/assets/vendor_e7496045a9b664cf18ad.bundle.js?kcan=release20220406153420de0dfa50d3, line 1: Error: Ajax failed with http errorCode: 0 and errorMsg: error
JavaScript error: https://sk.hzcdn.com/assets/vendor_e7496045a9b664cf18ad.bundle.js?kcan=release20220406153420de0dfa50d3, line 1: Error: Ajax failed with http errorCode: 0 and errorMsg: error
JavaScript error: https://sk.hzcdn.com/assets/vendor_e7496045a9b664cf18ad.bundle.js?kcan=release20220406153420de0dfa50d3, line 1: Error: Ajax failed with http errorCode: 0 and errorMsg: error
JavaScript error: https://sk.hzcdn.com/assets/vendor_e7496045a9b664cf18ad.bundle.js?kcan=release20220406153420de0dfa50d3, line 1: Error: Ajax failed with http errorCode: 0 and errorMsg: error
JavaScript error: https://sk.hzcdn.com/assets/vendor_e7496045a9b664cf18ad.bundle.js?kcan=release20220406153420de0dfa50d3, line 1: Error: Ajax failed with http errorCode: 0 and errorMsg: error
JavaScript error: https://sk.hzcdn.com/assets/vendor_e7496045a9b664cf18ad.bundle.js?kcan=release20220406153420de0dfa50d3, line 1: Error: Ajax failed with http errorCode: 0 and errorMsg: error
JavaScript warning: https://pagead2.googlesyndication.com/bg/yPRSpnmC7kCVHbP5HJYGhFaCAnVrOjYDhSjhq7GpE_U.js line 1 > eval line 6942 > eval line 1 > eval line 1 > eval, line 1: WEBGL_debug_renderer_info is deprecated in Firefox and will be removed. Please use RENDERER.
JavaScript warning: https://pagead2.googlesyndication.com/bg/yPRSpnmC7kCVHbP5HJYGhFaCAnVrOjYDhSjhq7GpE_U.js line 1 > eval line 1581 > eval line 1 > eval line 1 > eval, line 1: WEBGL_debug_renderer_info is deprecated in Firefox and will be removed. Please use RENDERER.
JavaScript warning: https://pagead2.googlesyndication.com/bg/yPRSpnmC7kCVHbP5HJYGhFaCAnVrOjYDhSjhq7GpE_U.js line 1 > eval line 2587 > eval line 1 > eval line 1 > eval, line 1: WEBGL_debug_renderer_info is deprecated in Firefox and will be removed. Please use RENDERER.
JavaScript error: , line 0: uncaught exception: 7
JavaScript warning: https://pagead2.googlesyndication.com/bg/yPRSpnmC7kCVHbP5HJYGhFaCAnVrOjYDhSjhq7GpE_U.js line 1 > eval line 4863 > eval line 1 > eval line 1 > eval, line 1: WEBGL_debug_renderer_info is deprecated in Firefox and will be removed. Please use RENDERER.
JavaScript warning: https://pagead2.googlesyndication.com/bg/yPRSpnmC7kCVHbP5HJYGhFaCAnVrOjYDhSjhq7GpE_U.js line 1 > eval line 2112 > eval line 1 > eval line 1 > eval, line 1: WEBGL_debug_renderer_info is deprecated in Firefox and will be removed. Please use RENDERER.
JavaScript warning: https://pagead2.googlesyndication.com/bg/yPRSpnmC7kCVHbP5HJYGhFaCAnVrOjYDhSjhq7GpE_U.js line 1 > eval line 280 > eval line 1 > eval line 1 > eval, line 1: WEBGL_debug_renderer_info is deprecated in Firefox and will be removed. Please use RENDERER.
JavaScript warning: https://pagead2.googlesyndication.com/bg/yPRSpnmC7kCVHbP5HJYGhFaCAnVrOjYDhSjhq7GpE_U.js line 1 > eval line 4416 > eval line 1 > eval line 1 > eval, line 1: WEBGL_debug_renderer_info is deprecated in Firefox and will be removed. Please use RENDERER.
JavaScript error: , line 0: TypeError: NetworkError when attempting to fetch resource.
JavaScript error: , line 0: TypeError: NetworkError when attempting to fetch resource.
JavaScript error: , line 0: TypeError: NetworkError when attempting to fetch resource.
JavaScript error: , line 0: TypeError: NetworkError when attempting to fetch resource.
JavaScript error: , line 0: TypeError: NetworkError when attempting to fetch resource.
JavaScript error: , line 0: TypeError: NetworkError when attempting to fetch resource.
JavaScript error: , line 0: TypeError: NetworkError when attempting to fetch resource.
